TN:
SF:src/adapter/driver/infra/dataSource.ts
FN:8,PgDataSource
FN:24,init
FN:29,getDataSource
FNF:3
FNH:1
FNDA:1,PgDataSource
FNDA:0,init
FNDA:0,getDataSource
DA:1,1
DA:2,1
DA:3,1
DA:4,1
DA:5,1
DA:6,1
DA:7,1
DA:8,1
DA:9,1
DA:10,1
DA:11,1
DA:12,1
DA:13,1
DA:14,1
DA:15,1
DA:16,1
DA:17,1
DA:18,1
DA:19,1
DA:20,1
DA:21,1
DA:22,1
DA:23,1
DA:24,1
DA:25,0
DA:26,0
DA:27,0
DA:28,1
DA:29,1
DA:30,0
DA:31,0
DA:32,1
DA:33,1
DA:34,1
LF:34
LH:29
BRDA:8,0,0,1
BRF:1
BRH:1
end_of_record
TN:
SF:src/core/application/useCases/paymentUseCases.ts
FN:6,PaymentUseCases
FN:8,getStatus
FN:17,find
FN:21,pay
FNF:4
FNH:4
FNDA:3,PaymentUseCases
FNDA:1,getStatus
FNDA:1,find
FNDA:1,pay
DA:1,1
DA:2,1
DA:3,1
DA:4,1
DA:5,1
DA:6,1
DA:7,1
DA:8,1
DA:9,1
DA:10,1
DA:11,1
DA:12,1
DA:13,0
DA:14,0
DA:15,0
DA:16,1
DA:17,1
DA:18,1
DA:19,1
DA:20,1
DA:21,1
DA:22,1
DA:23,1
DA:24,1
DA:25,1
DA:26,1
DA:27,0
DA:28,0
DA:29,1
DA:30,1
DA:31,1
LF:31
LH:26
BRDA:6,0,0,3
BRDA:8,1,0,1
BRDA:13,2,0,0
BRDA:17,3,0,1
BRDA:21,4,0,1
BRDA:27,5,0,0
BRF:6
BRH:4
end_of_record
TN:
SF:src/core/domain/entities/payment.ts
FN:17,Payment
FNF:1
FNH:0
FNDA:0,Payment
DA:1,1
DA:2,1
DA:3,1
DA:4,1
DA:5,1
DA:6,1
DA:7,1
DA:8,1
DA:9,1
DA:10,1
DA:11,1
DA:12,1
DA:13,1
DA:14,1
DA:15,1
DA:16,1
DA:17,1
DA:18,0
DA:19,0
DA:20,0
DA:21,0
DA:22,1
LF:22
LH:18
BRF:0
BRH:0
end_of_record
